C51 COMPILER V9.60.0.0   MAIN                                                              05/11/2021 17:23:39 PAGE 1   


C51 COMPILER V9.60.0.0, COMPILATION OF MODULE MAIN
OBJECT MODULE PLACED IN .\Objects\main.obj
COMPILER INVOKED BY: C:\Skuange\software\Keil_v5\C51\BIN\C51.EXE main.c OPTIMIZE(8,SPEED) BROWSE DEBUG OBJECTEXTEND PRIN
                    -T(.\Listings\main.lst) OBJECT(.\Objects\main.obj)

line level    source

   1          #include <REGX52.H>
   2          #include "LCD12864.h"
   3          
   4          sbit LCD_PSB =  P3^7;           
   5          sbit wela    =  P2^6;
   6          sbit dula    =  P2^7;
   7          
   8          void main(void){
   9   1          unsigned char key = 0;
  10   1              //init
  11   1          
  12   1          LCD12864_Init();
  13   1          LCD_PSB = 1;
  14   1          wela=0;
  15   1              dula=0;         
  16   1          //
  17   1          while(1){
  18   2              //key = MatrixKey();
  19   2              LCD12864_ShowNum(1,1,57,2);
  20   2              LCD12864_ShowString(2,2,"hello world");
  21   2              LCD12864_ShowHexNum(3,2,48,3);
  22   2          }
  23   1      }


MODULE INFORMATION:   STATIC OVERLAYABLE
   CODE SIZE        =     55    ----
   CONSTANT SIZE    =     12    ----
   XDATA SIZE       =   ----    ----
   PDATA SIZE       =   ----    ----
   DATA SIZE        =   ----       1
   IDATA SIZE       =   ----    ----
   BIT SIZE         =   ----    ----
END OF MODULE INFORMATION.


C51 COMPILATION COMPLETE.  0 WARNING(S),  0 ERROR(S)
