C51 COMPILER V9.60.0.0   TIMER                                                             05/10/2021 20:49:27 PAGE 1   


C51 COMPILER V9.60.0.0, COMPILATION OF MODULE TIMER
OBJECT MODULE PLACED IN .\Objects\Timer.obj
COMPILER INVOKED BY: D:\Software\Keil_v5\C51\BIN\C51.EXE Timer.c OPTIMIZE(8,SPEED) BROWSE DEBUG OBJECTEXTEND PRINT(.\Lis
                    -tings\Timer.lst) OBJECT(.\Objects\Timer.obj)

line level    source

   1          #include <REGX52.H>
   2          
   3          /**
   4            * @brief  定时器0初始化，1毫秒@11.0592MHz,适用于1T单片机
   5            * @param  无
   6            * @retval 无
   7            */
   8          void Timer0_Init(void)
   9          {
  10   1              //AUXR &= 0x7F;         //定时器时钟12T模式
  11   1              
  12   1              TMOD &= 0xF0;           //设置定时器模式
  13   1              TMOD |= 0x01;           //设置定时器模式
  14   1              TL0 = 0x66;             //设置定时初值
  15   1              TH0 = 0xFC;             //设置定时初值
  16   1              TF0 = 0;                //清除TF0标志
  17   1              TR0 = 1;                //定时器0开始计时
  18   1              ET0=1;          //打开定时器0的中断
  19   1              EA=1;          //打开整体的中断开关
  20   1              
  21   1              //PT0=0;
  22   1      }
  23          /**
  24            * @brief  定时器0初始化，1毫秒@11.0592MHz,适用于1T单片机
  25            * @param  无
  26            * @retval 无
  27            */
  28          
  29          void Timer1_Init(void)
  30          {
  31   1              //AUXR &= 0x7F;         //定时器时钟12T模式
  32   1              
  33   1              TMOD &= 0x0F;           //设置定时器模式
  34   1              TMOD |= 0x10;           //设置定时器模式
  35   1              TL1 = 0x66;             //设置定时初值
  36   1              TH1 = 0xFC;             //设置定时初值
  37   1              TF1 = 0;                //清除TF0标志
  38   1              TR1 = 1;                //定时器0开始计时
  39   1              ET1=1;          //打开定时器0的中断
  40   1              EA=1;          //打开整体的中断开关
  41   1              
  42   1              //PT0=0;
  43   1      }
  44          
  45          
  46          /*定时器中断函数模板
  47          
  48          void Timer0_Routine() interrupt 1
  49          {
  50                  static unsigned int T0Count;
  51                  TL0 = 0x66;             //设置定时初值
  52                  TH0 = 0xFC;             //设置定时初值
  53                  T0Count++;
  54                  if(T0Count>=1000)
C51 COMPILER V9.60.0.0   TIMER                                                             05/10/2021 20:49:27 PAGE 2   

  55                  {
  56                          T0Count=0;
  57                          
  58                  }
  59          }
  60          
  61          void Timer1_Routine() interrupt 3
  62          {
  63                  static unsigned int T1Count;
  64                  TL1 = 0x66;             //设置定时初值
  65                  TH1 = 0xFC;             //设置定时初值
  66                  T1Count++;
  67                  if(T1Count>=1000)
  68                  {
  69                          T1Count=0;
  70                          
  71                  }
  72          }
  73          
  74          */


MODULE INFORMATION:   STATIC OVERLAYABLE
   CODE SIZE        =     42    ----
   CONSTANT SIZE    =   ----    ----
   XDATA SIZE       =   ----    ----
   PDATA SIZE       =   ----    ----
   DATA SIZE        =   ----    ----
   IDATA SIZE       =   ----    ----
   BIT SIZE         =   ----    ----
END OF MODULE INFORMATION.


C51 COMPILATION COMPLETE.  0 WARNING(S),  0 ERROR(S)
